app/build/intermediates/manifest_merge_blame_file/release/processReleaseMainManifest/manifest-merger-blame-release-report.txt
1<?xml version="1.0" encoding="utf-8"?>
2<manifest xmlns:android="http://schemas.android.com/apk/res/android"
3    package="cl.powerbox.gateway"
4    android:versionCode="7"
5    android:versionName="2.5" >
6
7    <uses-sdk
8        android:minSdkVersion="21"
9        android:targetSdkVersion="34" />
10
11    <!-- Permisos -->
12    <uses-permission android:name="android.permission.INTERNET" />
12-->src\main\AndroidManifest.xml:6:5-67
12-->src\main\AndroidManifest.xml:6:22-64
13    <uses-permission android:name="android.permission.ACCESS_NETWORK_STATE" />
13-->src\main\AndroidManifest.xml:7:5-79
13-->src\main\AndroidManifest.xml:7:22-76
14    <uses-permission android:name="android.permission.ACCESS_WIFI_STATE" />
14-->src\main\AndroidManifest.xml:8:5-76
14-->src\main\AndroidManifest.xml:8:22-73
15    <uses-permission android:name="android.permission.FOREGROUND_SERVICE" />
15-->src\main\AndroidManifest.xml:9:5-77
15-->src\main\AndroidManifest.xml:9:22-74
16    <uses-permission android:name="android.permission.RECEIVE_BOOT_COMPLETED" />
16-->src\main\AndroidManifest.xml:10:5-81
16-->src\main\AndroidManifest.xml:10:22-78
17    <uses-permission android:name="android.permission.REQUEST_IGNORE_BATTERY_OPTIMIZATIONS" />
17-->src\main\AndroidManifest.xml:11:5-95
17-->src\main\AndroidManifest.xml:11:22-92
18    <uses-permission android:name="android.permission.WAKE_LOCK" />
18-->src\main\AndroidManifest.xml:12:5-68
18-->src\main\AndroidManifest.xml:12:22-65
19
20    <!-- Permisos de tipo de servicio foreground (requeridos en Android 14 / API 34) -->
21    <uses-permission android:name="android.permission.FOREGROUND_SERVICE_DATA_SYNC" />
21-->src\main\AndroidManifest.xml:15:5-87
21-->src\main\AndroidManifest.xml:15:22-84
22    <uses-permission android:name="android.permission.FOREGROUND_SERVICE_CONNECTED_DEVICE" />
22-->src\main\AndroidManifest.xml:16:5-94
22-->src\main\AndroidManifest.xml:16:22-91
23
24    <!-- Permisos para auto-actualización -->
25    <uses-permission android:name="android.permission.REQUEST_INSTALL_PACKAGES" />
25-->src\main\AndroidManifest.xml:19:5-83
25-->src\main\AndroidManifest.xml:19:22-80
26    <uses-permission
26-->src\main\AndroidManifest.xml:20:5-21:38
27        android:name="android.permission.WRITE_EXTERNAL_STORAGE"
27-->src\main\AndroidManifest.xml:20:22-78
28        android:maxSdkVersion="32" />
28-->src\main\AndroidManifest.xml:21:9-35
29
30    <permission
30-->[androidx.core:core:1.13.1] AndroidManifest.xml:22:5-24:47
31        android:name="cl.powerbox.gateway.DYNAMIC_RECEIVER_NOT_EXPORTED_PERMISSION"
31-->[androidx.core:core:1.13.1] AndroidManifest.xml:23:9-81
32        android:protectionLevel="signature" />
32-->[androidx.core:core:1.13.1] AndroidManifest.xml:24:9-44
33
34    <uses-permission android:name="cl.powerbox.gateway.DYNAMIC_RECEIVER_NOT_EXPORTED_PERMISSION" />
34-->[androidx.core:core:1.13.1] AndroidManifest.xml:26:5-97
34-->[androidx.core:core:1.13.1] AndroidManifest.xml:26:22-94
35
36    <application
36-->src\main\AndroidManifest.xml:23:5-93:19
37        android:name="cl.powerbox.gateway.GatewayApplication"
37-->src\main\AndroidManifest.xml:24:9-43
38        android:allowBackup="true"
38-->src\main\AndroidManifest.xml:25:9-35
39        android:appComponentFactory="androidx.core.app.CoreComponentFactory"
39-->[androidx.core:core:1.13.1] AndroidManifest.xml:28:18-86
40        android:extractNativeLibs="true"
41        android:label="@string/app_name"
41-->src\main\AndroidManifest.xml:26:9-41
42        android:supportsRtl="true"
42-->src\main\AndroidManifest.xml:27:9-35
43        android:theme="@style/Theme.Material3.DayNight.NoActionBar"
43-->src\main\AndroidManifest.xml:28:9-68
44        android:usesCleartextTraffic="true" >
44-->src\main\AndroidManifest.xml:29:9-44
45
46        <!-- Provider de arranque temprano (TU VERSIÓN) -->
47        <provider
48            android:name="cl.powerbox.gateway.startup.StartupProvider"
48-->src\main\AndroidManifest.xml:34:13-52
49            android:authorities="cl.powerbox.gateway.startup"
49-->src\main\AndroidManifest.xml:35:13-59
50            android:directBootAware="true"
50-->src\main\AndroidManifest.xml:37:13-43
51            android:exported="false"
51-->src\main\AndroidManifest.xml:36:13-37
52            android:initOrder="100" />
52-->src\main\AndroidManifest.xml:38:13-36
53
54        <!-- WorkManager provider (NECESARIO PARA SINCRONIZACIÓN) -->
55        <provider
56            android:name="androidx.startup.InitializationProvider"
56-->src\main\AndroidManifest.xml:42:13-67
57            android:authorities="cl.powerbox.gateway.androidx-startup"
57-->src\main\AndroidManifest.xml:43:13-68
58            android:exported="false" >
58-->src\main\AndroidManifest.xml:44:13-37
59            <meta-data
59-->src\main\AndroidManifest.xml:46:13-48:52
60                android:name="androidx.work.WorkManagerInitializer"
60-->src\main\AndroidManifest.xml:47:17-68
61                android:value="androidx.startup" />
61-->src\main\AndroidManifest.xml:48:17-49
62            <meta-data
62-->[androidx.emoji2:emoji2:1.3.0] AndroidManifest.xml:29:13-31:52
63                android:name="androidx.emoji2.text.EmojiCompatInitializer"
63-->[androidx.emoji2:emoji2:1.3.0] AndroidManifest.xml:30:17-75
64                android:value="androidx.startup" />
64-->[androidx.emoji2:emoji2:1.3.0] AndroidManifest.xml:31:17-49
65            <meta-data
65-->[androidx.lifecycle:lifecycle-process:2.6.2] AndroidManifest.xml:29:13-31:52
66                android:name="androidx.lifecycle.ProcessLifecycleInitializer"
66-->[androidx.lifecycle:lifecycle-process:2.6.2] AndroidManifest.xml:30:17-78
67                android:value="androidx.startup" />
67-->[androidx.lifecycle:lifecycle-process:2.6.2] AndroidManifest.xml:31:17-49
68            <meta-data
68-->[androidx.profileinstaller:profileinstaller:1.3.1] AndroidManifest.xml:29:13-31:52
69                android:name="androidx.profileinstaller.ProfileInstallerInitializer"
69-->[androidx.profileinstaller:profileinstaller:1.3.1] AndroidManifest.xml:30:17-85
70                android:value="androidx.startup" />
70-->[androidx.profileinstaller:profileinstaller:1.3.1] AndroidManifest.xml:31:17-49
71        </provider>
72
73        <!-- ✅ FileProvider para exportar logs -->
74        <provider
75            android:name="androidx.core.content.FileProvider"
75-->src\main\AndroidManifest.xml:53:13-62
76            android:authorities="cl.powerbox.gateway.fileprovider"
76-->src\main\AndroidManifest.xml:54:13-64
77            android:exported="false"
77-->src\main\AndroidManifest.xml:55:13-37
78            android:grantUriPermissions="true" >
78-->src\main\AndroidManifest.xml:56:13-47
79            <meta-data
79-->src\main\AndroidManifest.xml:57:13-59:54
80                android:name="android.support.FILE_PROVIDER_PATHS"
80-->src\main\AndroidManifest.xml:58:17-67
81                android:resource="@xml/file_paths" />
81-->src\main\AndroidManifest.xml:59:17-51
82        </provider>
83
84        <!-- Servicio en primer plano (TU VERSIÓN) -->
85        <service
85-->src\main\AndroidManifest.xml:63:9-66:72
86            android:name="cl.powerbox.gateway.service.GatewayForegroundService"
86-->src\main\AndroidManifest.xml:64:13-61
87            android:exported="false"
87-->src\main\AndroidManifest.xml:65:13-37
88            android:foregroundServiceType="dataSync|connectedDevice" />
88-->src\main\AndroidManifest.xml:66:13-69
89
90        <!-- Arranque en boot (TU VERSIÓN) -->
91        <receiver
91-->src\main\AndroidManifest.xml:69:9-81:20
92            android:name="cl.powerbox.gateway.service.BootCompletedReceiver"
92-->src\main\AndroidManifest.xml:70:13-58
93            android:directBootAware="true"
93-->src\main\AndroidManifest.xml:73:13-43
94            android:enabled="true"
94-->src\main\AndroidManifest.xml:71:13-35
95            android:exported="true" >
95-->src\main\AndroidManifest.xml:72:13-36
96            <intent-filter>
96-->src\main\AndroidManifest.xml:74:13-80:29
97                <action android:name="android.intent.action.LOCKED_BOOT_COMPLETED" />
97-->src\main\AndroidManifest.xml:75:17-86
97-->src\main\AndroidManifest.xml:75:25-83
98                <action android:name="android.intent.action.BOOT_COMPLETED" />
98-->src\main\AndroidManifest.xml:76:17-79
98-->src\main\AndroidManifest.xml:76:25-76
99                <action android:name="android.intent.action.MY_PACKAGE_REPLACED" />
99-->src\main\AndroidManifest.xml:77:17-84
99-->src\main\AndroidManifest.xml:77:25-81
100                <action android:name="android.intent.action.QUICKBOOT_POWERON" />
100-->src\main\AndroidManifest.xml:78:17-82
100-->src\main\AndroidManifest.xml:78:25-79
101                <action android:name="com.htc.intent.action.QUICKBOOT_POWERON" />
101-->src\main\AndroidManifest.xml:79:17-82
101-->src\main\AndroidManifest.xml:79:25-79
102            </intent-filter>
103        </receiver>
104
105        <!-- Activity principal (TU VERSIÓN) -->
106        <activity
106-->src\main\AndroidManifest.xml:84:9-91:20
107            android:name="cl.powerbox.gateway.ui.MainActivity"
107-->src\main\AndroidManifest.xml:85:13-44
108            android:exported="true" >
108-->src\main\AndroidManifest.xml:86:13-36
109            <intent-filter>
109-->src\main\AndroidManifest.xml:87:13-90:29
110                <action android:name="android.intent.action.MAIN" />
110-->src\main\AndroidManifest.xml:88:17-69
110-->src\main\AndroidManifest.xml:88:25-66
111
112                <category android:name="android.intent.category.LAUNCHER" />
112-->src\main\AndroidManifest.xml:89:17-77
112-->src\main\AndroidManifest.xml:89:27-74
113            </intent-filter>
114        </activity>
115
116        <service
116-->[androidx.room:room-runtime:2.6.1] AndroidManifest.xml:24:9-28:63
117            android:name="androidx.room.MultiInstanceInvalidationService"
117-->[androidx.room:room-runtime:2.6.1] AndroidManifest.xml:25:13-74
118            android:directBootAware="true"
118-->[androidx.room:room-runtime:2.6.1] AndroidManifest.xml:26:13-43
119            android:exported="false" />
119-->[androidx.room:room-runtime:2.6.1] AndroidManifest.xml:27:13-37
120        <service
120-->[androidx.work:work-runtime:2.9.1] AndroidManifest.xml:39:9-45:35
121            android:name="androidx.work.impl.background.systemalarm.SystemAlarmService"
121-->[androidx.work:work-runtime:2.9.1] AndroidManifest.xml:40:13-88
122            android:directBootAware="false"
122-->[androidx.work:work-runtime:2.9.1] AndroidManifest.xml:41:13-44
123            android:enabled="@bool/enable_system_alarm_service_default"
123-->[androidx.work:work-runtime:2.9.1] AndroidManifest.xml:42:13-72
124            android:exported="false" />
124-->[androidx.work:work-runtime:2.9.1] AndroidManifest.xml:43:13-37
125        <service
125-->[androidx.work:work-runtime:2.9.1] AndroidManifest.xml:46:9-52:35
126            android:name="androidx.work.impl.background.systemjob.SystemJobService"
126-->[androidx.work:work-runtime:2.9.1] AndroidManifest.xml:47:13-84
127            android:directBootAware="false"
127-->[androidx.work:work-runtime:2.9.1] AndroidManifest.xml:48:13-44
128            android:enabled="@bool/enable_system_job_service_default"
128-->[androidx.work:work-runtime:2.9.1] AndroidManifest.xml:49:13-70
129            android:exported="true"
129-->[androidx.work:work-runtime:2.9.1] AndroidManifest.xml:50:13-36
130            android:permission="android.permission.BIND_JOB_SERVICE" />
130-->[androidx.work:work-runtime:2.9.1] AndroidManifest.xml:51:13-69
131        <service
131-->[androidx.work:work-runtime:2.9.1] AndroidManifest.xml:53:9-59:35
132            android:name="androidx.work.impl.foreground.SystemForegroundService"
132-->[androidx.work:work-runtime:2.9.1] AndroidManifest.xml:54:13-81
133            android:directBootAware="false"
133-->[androidx.work:work-runtime:2.9.1] AndroidManifest.xml:55:13-44
134            android:enabled="@bool/enable_system_foreground_service_default"
134-->[androidx.work:work-runtime:2.9.1] AndroidManifest.xml:56:13-77
135            android:exported="false" />
135-->[androidx.work:work-runtime:2.9.1] AndroidManifest.xml:57:13-37
136
137        <receiver
137-->[androidx.work:work-runtime:2.9.1] AndroidManifest.xml:61:9-66:35
138            android:name="androidx.work.impl.utils.ForceStopRunnable$BroadcastReceiver"
138-->[androidx.work:work-runtime:2.9.1] AndroidManifest.xml:62:13-88
139            android:directBootAware="false"
139-->[androidx.work:work-runtime:2.9.1] AndroidManifest.xml:63:13-44
140            android:enabled="true"
140-->[androidx.work:work-runtime:2.9.1] AndroidManifest.xml:64:13-35
141            android:exported="false" />
141-->[androidx.work:work-runtime:2.9.1] AndroidManifest.xml:65:13-37
142        <receiver
142-->[androidx.work:work-runtime:2.9.1] AndroidManifest.xml:67:9-77:20
143            android:name="androidx.work.impl.background.systemalarm.ConstraintProxy$BatteryChargingProxy"
143-->[androidx.work:work-runtime:2.9.1] AndroidManifest.xml:68:13-106
144            android:directBootAware="false"
144-->[androidx.work:work-runtime:2.9.1] AndroidManifest.xml:69:13-44
145            android:enabled="false"
145-->[androidx.work:work-runtime:2.9.1] AndroidManifest.xml:70:13-36
146            android:exported="false" >
146-->[androidx.work:work-runtime:2.9.1] AndroidManifest.xml:71:13-37
147            <intent-filter>
147-->[androidx.work:work-runtime:2.9.1] AndroidManifest.xml:73:13-76:29
148                <action android:name="android.intent.action.ACTION_POWER_CONNECTED" />
148-->[androidx.work:work-runtime:2.9.1] AndroidManifest.xml:74:17-87
148-->[androidx.work:work-runtime:2.9.1] AndroidManifest.xml:74:25-84
149                <action android:name="android.intent.action.ACTION_POWER_DISCONNECTED" />
149-->[androidx.work:work-runtime:2.9.1] AndroidManifest.xml:75:17-90
149-->[androidx.work:work-runtime:2.9.1] AndroidManifest.xml:75:25-87
150            </intent-filter>
151        </receiver>
152        <receiver
152-->[androidx.work:work-runtime:2.9.1] AndroidManifest.xml:78:9-88:20
153            android:name="androidx.work.impl.background.systemalarm.ConstraintProxy$BatteryNotLowProxy"
153-->[androidx.work:work-runtime:2.9.1] AndroidManifest.xml:79:13-104
154            android:directBootAware="false"
154-->[androidx.work:work-runtime:2.9.1] AndroidManifest.xml:80:13-44
155            android:enabled="false"
155-->[androidx.work:work-runtime:2.9.1] AndroidManifest.xml:81:13-36
156            android:exported="false" >
156-->[androidx.work:work-runtime:2.9.1] AndroidManifest.xml:82:13-37
157            <intent-filter>
157-->[androidx.work:work-runtime:2.9.1] AndroidManifest.xml:84:13-87:29
158                <action android:name="android.intent.action.BATTERY_OKAY" />
158-->[androidx.work:work-runtime:2.9.1] AndroidManifest.xml:85:17-77
158-->[androidx.work:work-runtime:2.9.1] AndroidManifest.xml:85:25-74
159                <action android:name="android.intent.action.BATTERY_LOW" />
159-->[androidx.work:work-runtime:2.9.1] AndroidManifest.xml:86:17-76
159-->[androidx.work:work-runtime:2.9.1] AndroidManifest.xml:86:25-73
160            </intent-filter>
161        </receiver>
162        <receiver
162-->[androidx.work:work-runtime:2.9.1] AndroidManifest.xml:89:9-99:20
163            android:name="androidx.work.impl.background.systemalarm.ConstraintProxy$StorageNotLowProxy"
163-->[androidx.work:work-runtime:2.9.1] AndroidManifest.xml:90:13-104
164            android:directBootAware="false"
164-->[androidx.work:work-runtime:2.9.1] AndroidManifest.xml:91:13-44
165            android:enabled="false"
165-->[androidx.work:work-runtime:2.9.1] AndroidManifest.xml:92:13-36
166            android:exported="false" >
166-->[androidx.work:work-runtime:2.9.1] AndroidManifest.xml:93:13-37
167            <intent-filter>
167-->[androidx.work:work-runtime:2.9.1] AndroidManifest.xml:95:13-98:29
168                <action android:name="android.intent.action.DEVICE_STORAGE_LOW" />
168-->[androidx.work:work-runtime:2.9.1] AndroidManifest.xml:96:17-83
168-->[androidx.work:work-runtime:2.9.1] AndroidManifest.xml:96:25-80
169                <action android:name="android.intent.action.DEVICE_STORAGE_OK" />
169-->[androidx.work:work-runtime:2.9.1] AndroidManifest.xml:97:17-82
169-->[androidx.work:work-runtime:2.9.1] AndroidManifest.xml:97:25-79
170            </intent-filter>
171        </receiver>
172        <receiver
172-->[androidx.work:work-runtime:2.9.1] AndroidManifest.xml:100:9-109:20
173            android:name="androidx.work.impl.background.systemalarm.ConstraintProxy$NetworkStateProxy"
173-->[androidx.work:work-runtime:2.9.1] AndroidManifest.xml:101:13-103
174            android:directBootAware="false"
174-->[androidx.work:work-runtime:2.9.1] AndroidManifest.xml:102:13-44
175            android:enabled="false"
175-->[androidx.work:work-runtime:2.9.1] AndroidManifest.xml:103:13-36
176            android:exported="false" >
176-->[androidx.work:work-runtime:2.9.1] AndroidManifest.xml:104:13-37
177            <intent-filter>
177-->[androidx.work:work-runtime:2.9.1] AndroidManifest.xml:106:13-108:29
178                <action android:name="android.net.conn.CONNECTIVITY_CHANGE" />
178-->[androidx.work:work-runtime:2.9.1] AndroidManifest.xml:107:17-79
178-->[androidx.work:work-runtime:2.9.1] AndroidManifest.xml:107:25-76
179            </intent-filter>
180        </receiver>
181        <receiver
181-->[androidx.work:work-runtime:2.9.1] AndroidManifest.xml:110:9-121:20
182            android:name="androidx.work.impl.background.systemalarm.RescheduleReceiver"
182-->[androidx.work:work-runtime:2.9.1] AndroidManifest.xml:111:13-88
183            android:directBootAware="false"
183-->[androidx.work:work-runtime:2.9.1] AndroidManifest.xml:112:13-44
184            android:enabled="false"
184-->[androidx.work:work-runtime:2.9.1] AndroidManifest.xml:113:13-36
185            android:exported="false" >
185-->[androidx.work:work-runtime:2.9.1] AndroidManifest.xml:114:13-37
186            <intent-filter>
186-->[androidx.work:work-runtime:2.9.1] AndroidManifest.xml:116:13-120:29
187                <action android:name="android.intent.action.BOOT_COMPLETED" />
187-->src\main\AndroidManifest.xml:76:17-79
187-->src\main\AndroidManifest.xml:76:25-76
188                <action android:name="android.intent.action.TIME_SET" />
188-->[androidx.work:work-runtime:2.9.1] AndroidManifest.xml:118:17-73
188-->[androidx.work:work-runtime:2.9.1] AndroidManifest.xml:118:25-70
189                <action android:name="android.intent.action.TIMEZONE_CHANGED" />
189-->[androidx.work:work-runtime:2.9.1] AndroidManifest.xml:119:17-81
189-->[androidx.work:work-runtime:2.9.1] AndroidManifest.xml:119:25-78
190            </intent-filter>
191        </receiver>
192        <receiver
192-->[androidx.work:work-runtime:2.9.1] AndroidManifest.xml:122:9-131:20
193            android:name="androidx.work.impl.background.systemalarm.ConstraintProxyUpdateReceiver"
193-->[androidx.work:work-runtime:2.9.1] AndroidManifest.xml:123:13-99
194            android:directBootAware="false"
194-->[androidx.work:work-runtime:2.9.1] AndroidManifest.xml:124:13-44
195            android:enabled="@bool/enable_system_alarm_service_default"
195-->[androidx.work:work-runtime:2.9.1] AndroidManifest.xml:125:13-72
196            android:exported="false" >
196-->[androidx.work:work-runtime:2.9.1] AndroidManifest.xml:126:13-37
197            <intent-filter>
197-->[androidx.work:work-runtime:2.9.1] AndroidManifest.xml:128:13-130:29
198                <action android:name="androidx.work.impl.background.systemalarm.UpdateProxies" />
198-->[androidx.work:work-runtime:2.9.1] AndroidManifest.xml:129:17-98
198-->[androidx.work:work-runtime:2.9.1] AndroidManifest.xml:129:25-95
199            </intent-filter>
200        </receiver>
201        <receiver
201-->[androidx.work:work-runtime:2.9.1] AndroidManifest.xml:132:9-142:20
202            android:name="androidx.work.impl.diagnostics.DiagnosticsReceiver"
202-->[androidx.work:work-runtime:2.9.1] AndroidManifest.xml:133:13-78
203            android:directBootAware="false"
203-->[androidx.work:work-runtime:2.9.1] AndroidManifest.xml:134:13-44
204            android:enabled="true"
204-->[androidx.work:work-runtime:2.9.1] AndroidManifest.xml:135:13-35
205            android:exported="true"
205-->[androidx.work:work-runtime:2.9.1] AndroidManifest.xml:136:13-36
206            android:permission="android.permission.DUMP" >
206-->[androidx.work:work-runtime:2.9.1] AndroidManifest.xml:137:13-57
207            <intent-filter>
207-->[androidx.work:work-runtime:2.9.1] AndroidManifest.xml:139:13-141:29
208                <action android:name="androidx.work.diagnostics.REQUEST_DIAGNOSTICS" />
208-->[androidx.work:work-runtime:2.9.1] AndroidManifest.xml:140:17-88
208-->[androidx.work:work-runtime:2.9.1] AndroidManifest.xml:140:25-85
209            </intent-filter>
210        </receiver>
211        <receiver
211-->[androidx.profileinstaller:profileinstaller:1.3.1] AndroidManifest.xml:34:9-52:20
212            android:name="androidx.profileinstaller.ProfileInstallReceiver"
212-->[androidx.profileinstaller:profileinstaller:1.3.1] AndroidManifest.xml:35:13-76
213            android:directBootAware="false"
213-->[androidx.profileinstaller:profileinstaller:1.3.1] AndroidManifest.xml:36:13-44
214            android:enabled="true"
214-->[androidx.profileinstaller:profileinstaller:1.3.1] AndroidManifest.xml:37:13-35
215            android:exported="true"
215-->[androidx.profileinstaller:profileinstaller:1.3.1] AndroidManifest.xml:38:13-36
216            android:permission="android.permission.DUMP" >
216-->[androidx.profileinstaller:profileinstaller:1.3.1] AndroidManifest.xml:39:13-57
217            <intent-filter>
217-->[androidx.profileinstaller:profileinstaller:1.3.1] AndroidManifest.xml:40:13-42:29
218                <action android:name="androidx.profileinstaller.action.INSTALL_PROFILE" />
218-->[androidx.profileinstaller:profileinstaller:1.3.1] AndroidManifest.xml:41:17-91
218-->[androidx.profileinstaller:profileinstaller:1.3.1] AndroidManifest.xml:41:25-88
219            </intent-filter>
220            <intent-filter>
220-->[androidx.profileinstaller:profileinstaller:1.3.1] AndroidManifest.xml:43:13-45:29
221                <action android:name="androidx.profileinstaller.action.SKIP_FILE" />
221-->[androidx.profileinstaller:profileinstaller:1.3.1] AndroidManifest.xml:44:17-85
221-->[androidx.profileinstaller:profileinstaller:1.3.1] AndroidManifest.xml:44:25-82
222            </intent-filter>
223            <intent-filter>
223-->[androidx.profileinstaller:profileinstaller:1.3.1] AndroidManifest.xml:46:13-48:29
224                <action android:name="androidx.profileinstaller.action.SAVE_PROFILE" />
224-->[androidx.profileinstaller:profileinstaller:1.3.1] AndroidManifest.xml:47:17-88
224-->[androidx.profileinstaller:profileinstaller:1.3.1] AndroidManifest.xml:47:25-85
225            </intent-filter>
226            <intent-filter>
226-->[androidx.profileinstaller:profileinstaller:1.3.1] AndroidManifest.xml:49:13-51:29
227                <action android:name="androidx.profileinstaller.action.BENCHMARK_OPERATION" />
227-->[androidx.profileinstaller:profileinstaller:1.3.1] AndroidManifest.xml:50:17-95
227-->[androidx.profileinstaller:profileinstaller:1.3.1] AndroidManifest.xml:50:25-92
228            </intent-filter>
229        </receiver>
230    </application>
231
232</manifest>